{"uuid":"192fba78-9582-43c4-8276-1fb16417a4e4","historyId":"f5ba201398633b606d0d4ab3fcb1f511","fullName":"com.automationpractice.tests.RegistrationTest.CreateNewAccount","labels":[{"name":"package","value":"com.automationpractice.tests.RegistrationTest"},{"name":"testClass","value":"com.automationpractice.tests.RegistrationTest"},{"name":"testMethod","value":"CreateNewAccount"},{"name":"parentSuite","value":"Default Suite"},{"name":"suite","value":"Test"},{"name":"subSuite","value":"com.automationpractice.tests.RegistrationTest"},{"name":"host","value":"mohamed-Metwally"},{"name":"thread","value":"50843@mohamed-Metwally.main(1)"},{"name":"framework","value":"testng"},{"name":"language","value":"java"}],"links":[],"name":"CreateNewAccount","status":"broken","statusDetails":{"known":false,"muted":false,"flaky":false,"message":"java.lang.InstantiationException: org.openqa.selenium.JavascriptExecutor","trace":"java.lang.RuntimeException: java.lang.InstantiationException: org.openqa.selenium.JavascriptExecutor\n\tat org.openqa.selenium.support.PageFactory.instantiatePage(PageFactory.java:134)\n\tat org.openqa.selenium.support.PageFactory.initElements(PageFactory.java:64)\n\tat com.automationpractice.pages.RegistrationPage.RegisterNewUser(RegistrationPage.java:87)\n\tat com.automationpractice.tests.RegistrationTest.CreateNewAccount(RegistrationTest.java:40)\n\tat java.base/jdk.internal.reflect.NativeMethodAccessorImpl.invoke0(Native Method)\n\tat java.base/jdk.internal.reflect.NativeMethodAccessorImpl.invoke(NativeMethodAccessorImpl.java:62)\n\tat java.base/jdk.internal.reflect.DelegatingMethodAccessorImpl.invoke(DelegatingMethodAccessorImpl.java:43)\n\tat java.base/java.lang.reflect.Method.invoke(Method.java:566)\n\tat org.testng.internal.MethodInvocationHelper.invokeMethod(MethodInvocationHelper.java:133)\n\tat org.testng.internal.TestInvoker.invokeMethod(TestInvoker.java:598)\n\tat org.testng.internal.TestInvoker.invokeTestMethod(TestInvoker.java:173)\n\tat org.testng.internal.MethodRunner.runInSequence(MethodRunner.java:46)\n\tat org.testng.internal.TestInvoker$MethodInvocationAgent.invoke(TestInvoker.java:824)\n\tat org.testng.internal.TestInvoker.invokeTestMethods(TestInvoker.java:146)\n\tat org.testng.internal.TestMethodWorker.invokeTestMethods(TestMethodWorker.java:146)\n\tat org.testng.internal.TestMethodWorker.run(TestMethodWorker.java:128)\n\tat java.base/java.util.ArrayList.forEach(ArrayList.java:1541)\n\tat org.testng.TestRunner.privateRun(TestRunner.java:794)\n\tat org.testng.TestRunner.run(TestRunner.java:596)\n\tat org.testng.SuiteRunner.runTest(SuiteRunner.java:377)\n\tat org.testng.SuiteRunner.runSequentially(SuiteRunner.java:371)\n\tat org.testng.SuiteRunner.privateRun(SuiteRunner.java:332)\n\tat org.testng.SuiteRunner.run(SuiteRunner.java:276)\n\tat org.testng.SuiteRunnerWorker.runSuite(SuiteRunnerWorker.java:53)\n\tat org.testng.SuiteRunnerWorker.run(SuiteRunnerWorker.java:96)\n\tat org.testng.TestNG.runSuitesSequentially(TestNG.java:1212)\n\tat org.testng.TestNG.runSuitesLocally(TestNG.java:1134)\n\tat org.testng.TestNG.runSuites(TestNG.java:1063)\n\tat org.testng.TestNG.run(TestNG.java:1031)\n\tat com.intellij.rt.testng.IDEARemoteTestNG.run(IDEARemoteTestNG.java:66)\n\tat com.intellij.rt.testng.RemoteTestNGStarter.main(RemoteTestNGStarter.java:109)\nCaused by: java.lang.InstantiationException: org.openqa.selenium.JavascriptExecutor\n\tat java.base/java.lang.Class.newInstance(Class.java:571)\n\tat org.openqa.selenium.support.PageFactory.instantiatePage(PageFactory.java:131)\n\t... 30 more\nCaused by: java.lang.NoSuchMethodException: org.openqa.selenium.JavascriptExecutor.<init>()\n\tat java.base/java.lang.Class.getConstructor0(Class.java:3349)\n\tat java.base/java.lang.Class.newInstance(Class.java:556)\n\t... 31 more\n"},"stage":"finished","steps":[],"attachments":[],"parameters":[],"start":1637265447091,"stop":1637265450916}